{
  "RSpec": {
    "coverage": {
      "/Users/eleanejao/Documents/Classes/CS169/iTinerary/spec/controllers/attractions_controller_spec.rb": [
        1,
        1,
        null,
        1,
        1,
        1,
        null,
        null,
        1,
        null,
        1,
        1,
        1,
        1,
        null,
        null,
        1,
        1,
        1,
        1,
        1,
        1,
        1,
        null,
        null,
        1,
        1,
        1,
        null,
        null,
        null,
        null,
        null,
        null,
        1,
        1,
        2,
        2,
        null,
        1,
        1,
        1,
        1,
        1,
        null,
        null,
        1,
        1,
        1,
        1,
        null,
        null,
        null,
        null,
        null,
        null,
        null,
        null
      ],
      "/Users/eleanejao/Documents/Classes/CS169/iTinerary/spec/rails_helper.rb": [
        null,
        1,
        1,
        null,
        1,
        1,
        1,
        1,
        1,
        1,
        null,
        null,
        null,
        null,
        null,
        null,
        null,
        null,
        null,
        null,
        null,
        null,
        null,
        null,
        null,
        null,
        null,
        null,
        null,
        1,
        null,
        1,
        null,
        1,
        null,
        null,
        null,
        null,
        1,
        null,
        null,
        null,
        null,
        null,
        null,
        null,
        null,
        null,
        null,
        null,
        null,
        null,
        null,
        1,
        null,
        1,
        1,
        1,
        null
      ],
      "/Users/eleanejao/Documents/Classes/CS169/iTinerary/config/environment.rb": [
        null,
        1,
        null,
        null,
        1
      ],
      "/Users/eleanejao/Documents/Classes/CS169/iTinerary/config/application.rb": [
        1,
        null,
        1,
        null,
        null,
        null,
        1,
        null,
        1,
        1,
        null,
        null,
        null,
        null,
        null,
        null,
        null,
        null,
        null,
        null,
        null,
        null,
        null,
        1,
        null,
        null
      ],
      "/Users/eleanejao/Documents/Classes/CS169/iTinerary/config/boot.rb": [
        1,
        null,
        1
      ],
      "/Users/eleanejao/Documents/Classes/CS169/iTinerary/config/environments/test.rb": [
        1,
        null,
        null,
        null,
        null,
        null,
        null,
        1,
        null,
        null,
        null,
        null,
        1,
        null,
        null,
        1,
        1,
        null,
        null,
        1,
        1,
        null,
        null,
        1,
        null,
        null,
        1,
        null,
        null,
        null,
        null,
        1,
        null,
        null,
        1,
        null,
        null,
        1,
        1,
        null,
        null,
        null,
        null
      ],
      "/Users/eleanejao/Documents/Classes/CS169/iTinerary/config/initializers/api.rb": [
        1,
        1,
        1
      ],
      "/Users/eleanejao/Documents/Classes/CS169/iTinerary/config/initializers/assets.rb": [
        null,
        null,
        null,
        1,
        null,
        null,
        null,
        null,
        null,
        null,
        null
      ],
      "/Users/eleanejao/Documents/Classes/CS169/iTinerary/config/initializers/backtrace_silencers.rb": [
        null,
        null,
        null,
        null,
        null,
        null,
        null
      ],
      "/Users/eleanejao/Documents/Classes/CS169/iTinerary/config/initializers/cookies_serializer.rb": [
        null,
        null,
        1
      ],
      "/Users/eleanejao/Documents/Classes/CS169/iTinerary/config/initializers/devise.rb": [
        1,
        null,
        null,
        1,
        null,
        null,
        null,
        null,
        null,
        null,
        null,
        null,
        null,
        null,
        null,
        1,
        null,
        null,
        null,
        null,
        null,
        null,
        null,
        null,
        1,
        null,
        null,
        null,
        null,
        null,
        null,
        null,
        null,
        null,
        null,
        null,
        null,
        null,
        null,
        null,
        null,
        null,
        null,
        null,
        null,
        null,
        1,
        null,
        null,
        null,
        null,
        1,
        null,
        null,
        null,
        null,
        null,
        null,
        null,
        null,
        null,
        null,
        null,
        null,
        null,
        null,
        null,
        null,
        null,
        null,
        null,
        null,
        null,
        null,
        null,
        null,
        null,
        null,
        null,
        null,
        null,
        null,
        1,
        null,
        null,
        null,
        null,
        null,
        null,
        null,
        null,
        null,
        null,
        null,
        null,
        null,
        null,
        null,
        null,
        1,
        null,
        null,
        null,
        null,
        null,
        null,
        null,
        null,
        null,
        null,
        null,
        null,
        null,
        null,
        null,
        null,
        null,
        null,
        null,
        null,
        null,
        null,
        null,
        null,
        1,
        null,
        null,
        null,
        null,
        null,
        null,
        null,
        null,
        null,
        1,
        null,
        null,
        null,
        null,
        null,
        null,
        null,
        null,
        null,
        null,
        1,
        null,
        null,
        null,
        null,
        null,
        null,
        null,
        null,
        null,
        null,
        null,
        null,
        null,
        null,
        null,
        null,
        null,
        null,
        null,
        null,
        null,
        null,
        null,
        null,
        null,
        null,
        null,
        null,
        null,
        null,
        null,
        null,
        null,
        null,
        null,
        null,
        null,
        null,
        null,
        null,
        null,
        null,
        null,
        null,
        null,
        1,
        null,
        null,
        null,
        null,
        null,
        null,
        null,
        null,
        null,
        null,
        null,
        null,
        null,
        null,
        null,
        null,
        null,
        null,
        null,
        null,
        null,
        null,
        null,
        null,
        null,
        null,
        null,
        null,
        null,
        null,
        null,
        null,
        null,
        null,
        null,
        null,
        null,
        null,
        null,
        null,
        null,
        1,
        null,
        null,
        null,
        null,
        null,
        1,
        null,
        null,
        null,
        null,
        null,
        null,
        null,
        null,
        null,
        null,
        null,
        null,
        null,
        null,
        null,
        null,
        null,
        null,
        null,
        null,
        null,
        null,
        null,
        null
      ],
      "/Users/eleanejao/Documents/Classes/CS169/iTinerary/config/initializers/filter_parameter_logging.rb": [
        null,
        null,
        null,
        1
      ],
      "/Users/eleanejao/Documents/Classes/CS169/iTinerary/config/initializers/inflections.rb": [
        null,
        null,
        null,
        null,
        null,
        null,
        null,
        null,
        null,
        null,
        null,
        null,
        null,
        null,
        null,
        null
      ],
      "/Users/eleanejao/Documents/Classes/CS169/iTinerary/config/initializers/mime_types.rb": [
        null,
        null,
        null,
        null
      ],
      "/Users/eleanejao/Documents/Classes/CS169/iTinerary/config/initializers/session_store.rb": [
        null,
        null,
        1
      ],
      "/Users/eleanejao/Documents/Classes/CS169/iTinerary/config/initializers/wrap_parameters.rb": [
        null,
        null,
        null,
        null,
        null,
        null,
        1,
        1,
        null,
        null,
        null,
        null,
        null,
        null
      ],
      "/Users/eleanejao/Documents/Classes/CS169/iTinerary/spec/factories/users.rb": [
        1,
        1,
        1,
        1,
        null,
        null,
        null
      ],
      "/Users/eleanejao/Documents/Classes/CS169/iTinerary/spec/factories/votes.rb": [
        1,
        1,
        1,
        null,
        null,
        null
      ],
      "/Users/eleanejao/Documents/Classes/CS169/iTinerary/config/routes.rb": [
        1,
        1,
        1,
        1,
        null,
        null,
        null,
        null,
        null,
        null,
        null,
        1,
        null,
        null,
        null,
        null,
        1,
        1,
        null,
        1,
        null,
        1,
        1,
        1,
        1,
        null,
        1,
        1,
        null,
        1,
        null,
        null,
        null,
        null,
        null,
        null,
        null,
        null,
        null,
        null,
        null,
        null,
        null,
        null,
        null,
        null,
        null,
        null,
        null,
        null,
        null,
        null,
        null,
        null,
        null,
        null,
        null,
        null,
        null,
        null,
        null,
        null,
        null,
        null,
        null,
        null,
        null,
        null,
        null,
        null,
        null,
        null,
        null,
        null,
        null,
        null,
        null,
        null
      ],
      "/Users/eleanejao/Documents/Classes/CS169/iTinerary/app/models/user.rb": [
        1,
        1,
        1,
        null,
        null,
        null,
        1,
        null,
        null,
        1,
        1,
        1,
        1,
        1,
        1,
        null,
        null,
        null
      ],
      "/Users/eleanejao/Documents/Classes/CS169/iTinerary/app/helpers/user_trips_helper.rb": [
        1,
        null
      ],
      "/Users/eleanejao/Documents/Classes/CS169/iTinerary/spec/support/controller_macros.rb": [
        1,
        1,
        0,
        0,
        0,
        null,
        null,
        null,
        1,
        4,
        7,
        7,
        7,
        null,
        null,
        null
      ],
      "/Users/eleanejao/Documents/Classes/CS169/iTinerary/app/controllers/attractions_controller.rb": [
        1,
        1,
        4,
        null,
        null,
        4,
        1,
        null,
        null,
        null,
        null,
        1,
        2,
        1,
        null,
        null
      ],
      "/Users/eleanejao/Documents/Classes/CS169/iTinerary/app/controllers/application_controller.rb": [
        1,
        null,
        null,
        1,
        1,
        null,
        1,
        4,
        0,
        4,
        0,
        0,
        null,
        4,
        null,
        null,
        null
      ],
      "/Users/eleanejao/Documents/Classes/CS169/iTinerary/spec/controllers/omniauth_callbacks_controller_spec.rb": [
        1,
        null,
        1,
        null,
        1,
        null,
        1,
        5,
        null,
        5,
        5,
        null,
        null,
        1,
        2,
        1,
        1,
        1,
        1,
        null,
        null,
        1,
        4,
        null,
        1,
        1,
        null,
        null,
        1,
        1,
        1,
        null,
        null,
        1,
        1,
        1,
        null,
        null,
        null,
        null,
        null,
        1,
        1,
        1,
        1,
        1,
        2,
        null,
        null,
        null,
        null
      ],
      "/Users/eleanejao/Documents/Classes/CS169/iTinerary/app/controllers/omniauth_callbacks_controller.rb": [
        1,
        1,
        1,
        null,
        1,
        null,
        1,
        null,
        0,
        0,
        null,
        null,
        null,
        1,
        null,
        null,
        null
      ],
      "/Users/eleanejao/Documents/Classes/CS169/iTinerary/spec/controllers/pictures_controller_spec.rb": [
        1,
        null,
        1,
        null,
        null
      ],
      "/Users/eleanejao/Documents/Classes/CS169/iTinerary/app/controllers/pictures_controller.rb": [
        1,
        null
      ],
      "/Users/eleanejao/Documents/Classes/CS169/iTinerary/spec/controllers/trip_attractions_controller_spec.rb": [
        1,
        null,
        1,
        null,
        null
      ],
      "/Users/eleanejao/Documents/Classes/CS169/iTinerary/app/controllers/trip_attractions_controller.rb": [
        1,
        null
      ],
      "/Users/eleanejao/Documents/Classes/CS169/iTinerary/spec/controllers/trips_controller_spec.rb": [
        1,
        null,
        1,
        1,
        1,
        1,
        1,
        1,
        null,
        null,
        1,
        9,
        null,
        1,
        1,
        null,
        1,
        1,
        null,
        null,
        1,
        1,
        1,
        null,
        null,
        1,
        2,
        null,
        1,
        1,
        1,
        1,
        null,
        null,
        null,
        1,
        1,
        1,
        1,
        1,
        null,
        1,
        1,
        1,
        1,
        null,
        null,
        1,
        1,
        1,
        1,
        1,
        null,
        1,
        1,
        null,
        1,
        1,
        null,
        1,
        1,
        1,
        1,
        1,
        1,
        null,
        null,
        null,
        null,
        1,
        null,
        1,
        1,
        1,
        1,
        null,
        null,
        1,
        1,
        1,
        1,
        1,
        1,
        1,
        1,
        null,
        null,
        null,
        1,
        1,
        1,
        1,
        1,
        null,
        null,
        1,
        1,
        1,
        1,
        null,
        null,
        null,
        1,
        1,
        1,
        1,
        1,
        null,
        1,
        1,
        1,
        1,
        1,
        1,
        null,
        null,
        1,
        1,
        1,
        1,
        null,
        null,
        1,
        1,
        1,
        1,
        1,
        2,
        null,
        null,
        1,
        1,
        1,
        1,
        1,
        1,
        2,
        null,
        null,
        null,
        null
      ],
      "/Users/eleanejao/Documents/Classes/CS169/iTinerary/app/controllers/trips_controller.rb": [
        1,
        null,
        null,
        1,
        null,
        1,
        0,
        null,
        null,
        1,
        0,
        null,
        null,
        1,
        0,
        null,
        null,
        1,
        null,
        null,
        null,
        1,
        2,
        null,
        null,
        1,
        null,
        4,
        4,
        4,
        null,
        null,
        1,
        6,
        6,
        6,
        5,
        5,
        5,
        5,
        null,
        3,
        2,
        null,
        3,
        3,
        3,
        48,
        2,
        2,
        null,
        null,
        3,
        2,
        1,
        1,
        0,
        null,
        null,
        null,
        2,
        2,
        null,
        1,
        null,
        null,
        null,
        2,
        1,
        null,
        1,
        null,
        2,
        2,
        null,
        null,
        1,
        1,
        1,
        null,
        null,
        null,
        1,
        3,
        0,
        0,
        null,
        3,
        null,
        null,
        null,
        1,
        3,
        3,
        null,
        3,
        3,
        3,
        0,
        null,
        3,
        3,
        0,
        0,
        0,
        null,
        null,
        3,
        3,
        3,
        3,
        3,
        null,
        0,
        0,
        0,
        0,
        null,
        3,
        0,
        0,
        0,
        null,
        3,
        3,
        null,
        3,
        3,
        3,
        0,
        0,
        0,
        0,
        0,
        0,
        0,
        null,
        null,
        0,
        null,
        null,
        null,
        3,
        null,
        77,
        62,
        62,
        null,
        null,
        3,
        null,
        null,
        null,
        null,
        1,
        0,
        0,
        null,
        null
      ],
      "/Users/eleanejao/Documents/Classes/CS169/iTinerary/app/models/trip_attraction.rb": [
        1,
        1,
        1,
        1,
        null,
        1,
        1,
        1,
        null,
        null
      ],
      "/Users/eleanejao/Documents/Classes/CS169/iTinerary/app/models/attraction.rb": [
        1,
        1,
        1,
        1,
        1,
        null,
        null,
        1,
        11,
        11,
        null,
        11,
        9,
        null,
        9,
        9,
        null,
        126,
        null,
        126,
        126,
        126,
        null,
        null,
        null,
        null,
        null,
        null,
        null,
        null,
        null,
        126,
        126,
        126,
        null,
        null,
        null,
        2,
        null,
        9,
        null,
        null,
        null,
        null,
        null,
        null,
        1,
        63,
        null,
        null,
        1,
        252,
        252,
        252,
        27,
        null,
        252,
        28,
        null,
        252,
        null,
        null,
        1,
        null,
        567,
        67,
        null,
        567,
        84,
        6,
        null,
        78,
        null,
        null,
        null,
        483,
        483,
        122,
        10,
        null,
        112,
        null,
        null,
        null,
        361,
        1949,
        361,
        null,
        446,
        20,
        null,
        426,
        426,
        426,
        67,
        null,
        null,
        null,
        null,
        274,
        null,
        null,
        null,
        1,
        67,
        67,
        67,
        null,
        null,
        null
      ],
      "/Users/eleanejao/Documents/Classes/CS169/iTinerary/lib/Foursquare.rb": [
        1,
        1,
        null,
        1,
        3,
        3,
        3,
        3,
        null,
        null,
        1,
        58,
        58,
        null,
        null,
        null,
        null
      ],
      "/Users/eleanejao/Documents/Classes/CS169/iTinerary/app/models/user_trip.rb": [
        1,
        1,
        null
      ],
      "/Users/eleanejao/Documents/Classes/CS169/iTinerary/app/models/trip.rb": [
        1,
        1,
        1,
        1,
        1,
        1,
        1,
        1,
        1,
        1,
        1,
        1,
        1,
        1,
        null,
        1,
        12,
        0,
        null,
        null,
        null,
        1,
        4,
        62,
        0,
        0,
        null,
        null,
        4,
        4,
        4,
        4,
        4,
        4,
        4,
        16,
        16,
        14,
        14,
        14,
        14,
        14,
        14,
        4,
        4,
        4,
        4,
        4,
        null,
        14,
        3,
        3,
        3,
        null,
        null,
        4,
        null,
        null,
        1,
        17,
        17,
        17,
        17,
        249,
        249,
        249,
        249,
        249,
        249,
        249,
        34,
        34,
        34,
        null,
        null,
        17,
        15,
        null,
        null,
        null,
        15,
        15,
        null,
        null,
        1,
        249,
        249,
        249,
        null,
        249,
        249,
        249,
        249,
        249,
        null,
        null,
        null,
        1,
        3,
        3,
        3,
        3,
        3,
        3,
        3,
        3,
        3,
        3,
        null,
        null,
        null,
        1,
        253,
        253,
        253,
        253,
        253,
        253,
        253,
        253,
        253,
        253,
        253,
        253,
        253,
        253,
        null,
        null,
        null,
        null,
        null,
        1,
        2,
        null,
        null,
        null,
        null,
        null,
        1,
        252,
        null,
        null
      ],
      "/Users/eleanejao/Documents/Classes/CS169/iTinerary/spec/controllers/users_controller_spec.rb": [
        1,
        1,
        null,
        1,
        1,
        1,
        1,
        1,
        null,
        null,
        1,
        1,
        1,
        1,
        1,
        1,
        1,
        1,
        1,
        1,
        1,
        1,
        null,
        null,
        null
      ],
      "/Users/eleanejao/Documents/Classes/CS169/iTinerary/app/controllers/users_controller.rb": [
        1,
        1,
        null,
        null,
        1,
        null,
        null,
        1,
        1,
        1,
        1,
        3,
        null,
        1,
        null,
        null
      ],
      "/Users/eleanejao/Documents/Classes/CS169/iTinerary/spec/controllers/welcome_controller_spec.rb": [
        1,
        null,
        1,
        1,
        1,
        1,
        2,
        null,
        null,
        null
      ],
      "/Users/eleanejao/Documents/Classes/CS169/iTinerary/app/controllers/welcome_controller.rb": [
        1,
        1,
        2,
        2,
        2,
        1,
        1,
        null,
        1,
        null,
        null,
        null
      ],
      "/Users/eleanejao/Documents/Classes/CS169/iTinerary/spec/features/add_trip_to_user_spec.rb": [
        1,
        1,
        null,
        1,
        1,
        0,
        0,
        null,
        1,
        1,
        1,
        null,
        null,
        1,
        1,
        1,
        1,
        1,
        1,
        1,
        null,
        null,
        1,
        1,
        1,
        1,
        1,
        1,
        null,
        null,
        1,
        1,
        1,
        1,
        1,
        1,
        null,
        1,
        1,
        1,
        1,
        1,
        1,
        null,
        1,
        1,
        null,
        null,
        null,
        null,
        null,
        null,
        null,
        null,
        null,
        null,
        null,
        null,
        null,
        null,
        null,
        null,
        null,
        null,
        null,
        null,
        null,
        null
      ],
      "/Users/eleanejao/Documents/Classes/CS169/iTinerary/spec/models/attraction_spec.rb": [
        1,
        1,
        null,
        null,
        null,
        1,
        1,
        1,
        1,
        null,
        null,
        1,
        null,
        1,
        3,
        3,
        null,
        null,
        1,
        3,
        3,
        null,
        null,
        1,
        1,
        1,
        1,
        1,
        1,
        1,
        null,
        null,
        1,
        1,
        1,
        null,
        null,
        1,
        1,
        1,
        1,
        1,
        null,
        null,
        null,
        null,
        1,
        1,
        1,
        1,
        null,
        1,
        1,
        1,
        null,
        1,
        1,
        1,
        1,
        1,
        1,
        1,
        1,
        1,
        1,
        1,
        1,
        1,
        1,
        1,
        1,
        1,
        null,
        null,
        null,
        null,
        null,
        null,
        1,
        1,
        1,
        1,
        null,
        null,
        1,
        1,
        1,
        1,
        1,
        1,
        1,
        1,
        1,
        null,
        1,
        1,
        1,
        1,
        1,
        1,
        1,
        1,
        1,
        null,
        null,
        1,
        1,
        1,
        1,
        1,
        1,
        1,
        1,
        1,
        null,
        null,
        1,
        null,
        1,
        1,
        1,
        1,
        1,
        1,
        1,
        null,
        null,
        null,
        null,
        null
      ],
      "/Users/eleanejao/Documents/Classes/CS169/iTinerary/spec/models/city_spec.rb": [
        1,
        null,
        1,
        null
      ],
      "/Users/eleanejao/Documents/Classes/CS169/iTinerary/app/models/city.rb": [
        1,
        null
      ],
      "/Users/eleanejao/Documents/Classes/CS169/iTinerary/spec/models/trip_attraction_spec.rb": [
        1,
        null,
        1,
        1,
        1,
        1,
        1,
        null,
        null,
        1,
        1,
        1,
        1,
        1,
        2,
        null,
        null,
        null
      ],
      "/Users/eleanejao/Documents/Classes/CS169/iTinerary/spec/models/trip_spec.rb": [
        1,
        null,
        1,
        null,
        1,
        1,
        1,
        1,
        null,
        1,
        1,
        null,
        null,
        1,
        1,
        null,
        null,
        1,
        1,
        null,
        null,
        1,
        1,
        null,
        null,
        1,
        1,
        null,
        null,
        1,
        1,
        null,
        null,
        1,
        1,
        null,
        null,
        null,
        1,
        1,
        1,
        1,
        1,
        1,
        1,
        5,
        5,
        null,
        1,
        1,
        1,
        1,
        1,
        null,
        null,
        null
      ],
      "/Users/eleanejao/Documents/Classes/CS169/iTinerary/spec/models/vote_spec.rb": [
        1,
        null,
        1,
        1,
        null
      ],
      "/Users/eleanejao/Documents/Classes/CS169/iTinerary/app/models/vote.rb": [
        1,
        1,
        1,
        1,
        1,
        1,
        null
      ],
      "/Users/eleanejao/Documents/Classes/CS169/iTinerary/spec/models/welcome_spec.rb": [
        1,
        1,
        null
      ],
      "/Users/eleanejao/Documents/Classes/CS169/iTinerary/app/models/picture.rb": [
        1,
        1,
        null
      ]
    },
    "timestamp": 1449357240
  }
}
