{
  "RSpec": {
    "coverage": {
      "/Users/jlai/fa15/cs169/iTinerary/spec/controllers/attractions_controller_spec.rb": [
        1,
        1,
        null,
        1,
        1,
        1,
        null,
        null,
        1,
        null,
        1,
        1,
        1,
        1,
        null,
        null,
        1,
        1,
        1,
        1,
        1,
        1,
        1,
        null,
        null,
        1,
        1,
        1,
        null,
        null,
        null,
        null,
        null,
        null,
        1,
        1,
        2,
        2,
        null,
        1,
        1,
        1,
        1,
        1,
        null,
        null,
        1,
        1,
        1,
        1,
        null,
        null,
        null,
        null,
        null,
        null,
        null,
        null
      ],
      "/Users/jlai/fa15/cs169/iTinerary/spec/rails_helper.rb": [
        null,
        1,
        1,
        null,
        1,
        1,
        1,
        1,
        1,
        1,
        null,
        null,
        null,
        null,
        null,
        null,
        null,
        null,
        null,
        null,
        null,
        null,
        null,
        null,
        null,
        null,
        null,
        null,
        null,
        1,
        null,
        1,
        null,
        1,
        null,
        null,
        null,
        null,
        1,
        null,
        null,
        null,
        null,
        null,
        null,
        null,
        null,
        null,
        null,
        null,
        null,
        null,
        null,
        1,
        null,
        1,
        1,
        1,
        null
      ],
      "/Users/jlai/fa15/cs169/iTinerary/config/environment.rb": [
        null,
        1,
        null,
        null,
        1
      ],
      "/Users/jlai/fa15/cs169/iTinerary/config/application.rb": [
        1,
        null,
        1,
        null,
        null,
        null,
        1,
        null,
        1,
        1,
        null,
        null,
        null,
        null,
        null,
        null,
        null,
        null,
        null,
        null,
        null,
        null,
        null,
        1,
        null,
        null
      ],
      "/Users/jlai/fa15/cs169/iTinerary/config/boot.rb": [
        1,
        null,
        1
      ],
      "/Users/jlai/fa15/cs169/iTinerary/config/environments/test.rb": [
        1,
        null,
        null,
        null,
        null,
        null,
        null,
        1,
        null,
        null,
        null,
        null,
        1,
        null,
        null,
        1,
        1,
        null,
        null,
        1,
        1,
        null,
        null,
        1,
        null,
        null,
        1,
        null,
        null,
        null,
        null,
        1,
        null,
        null,
        1,
        null,
        null,
        1,
        1,
        null,
        null,
        null,
        null
      ],
      "/Users/jlai/fa15/cs169/iTinerary/config/initializers/api.rb": [
        1,
        1,
        1
      ],
      "/Users/jlai/fa15/cs169/iTinerary/config/initializers/assets.rb": [
        null,
        null,
        null,
        1,
        null,
        null,
        null,
        null,
        null,
        null,
        null
      ],
      "/Users/jlai/fa15/cs169/iTinerary/config/initializers/backtrace_silencers.rb": [
        null,
        null,
        null,
        null,
        null,
        null,
        null
      ],
      "/Users/jlai/fa15/cs169/iTinerary/config/initializers/cookies_serializer.rb": [
        null,
        null,
        1
      ],
      "/Users/jlai/fa15/cs169/iTinerary/config/initializers/devise.rb": [
        1,
        null,
        null,
        1,
        null,
        null,
        null,
        null,
        null,
        null,
        null,
        null,
        null,
        null,
        null,
        1,
        null,
        null,
        null,
        null,
        null,
        null,
        null,
        null,
        1,
        null,
        null,
        null,
        null,
        null,
        null,
        null,
        null,
        null,
        null,
        null,
        null,
        null,
        null,
        null,
        null,
        null,
        null,
        null,
        null,
        null,
        1,
        null,
        null,
        null,
        null,
        1,
        null,
        null,
        null,
        null,
        null,
        null,
        null,
        null,
        null,
        null,
        null,
        null,
        null,
        null,
        null,
        null,
        null,
        null,
        null,
        null,
        null,
        null,
        null,
        null,
        null,
        null,
        null,
        null,
        null,
        null,
        1,
        null,
        null,
        null,
        null,
        null,
        null,
        null,
        null,
        null,
        null,
        null,
        null,
        null,
        null,
        null,
        null,
        1,
        null,
        null,
        null,
        null,
        null,
        null,
        null,
        null,
        null,
        null,
        null,
        null,
        null,
        null,
        null,
        null,
        null,
        null,
        null,
        null,
        null,
        null,
        null,
        null,
        1,
        null,
        null,
        null,
        null,
        null,
        null,
        null,
        null,
        null,
        1,
        null,
        null,
        null,
        null,
        null,
        null,
        null,
        null,
        null,
        null,
        1,
        null,
        null,
        null,
        null,
        null,
        null,
        null,
        null,
        null,
        null,
        null,
        null,
        null,
        null,
        null,
        null,
        null,
        null,
        null,
        null,
        null,
        null,
        null,
        null,
        null,
        null,
        null,
        null,
        null,
        null,
        null,
        null,
        null,
        null,
        null,
        null,
        null,
        null,
        null,
        null,
        null,
        null,
        null,
        null,
        null,
        1,
        null,
        null,
        null,
        null,
        null,
        null,
        null,
        null,
        null,
        null,
        null,
        null,
        null,
        null,
        null,
        null,
        null,
        null,
        null,
        null,
        null,
        null,
        null,
        null,
        null,
        null,
        null,
        null,
        null,
        null,
        null,
        null,
        null,
        null,
        null,
        null,
        null,
        null,
        null,
        null,
        null,
        1,
        null,
        null,
        null,
        null,
        null,
        1,
        null,
        null,
        null,
        null,
        null,
        null,
        null,
        null,
        null,
        null,
        null,
        null,
        null,
        null,
        null,
        null,
        null,
        null,
        null,
        null,
        null,
        null,
        null,
        null
      ],
      "/Users/jlai/fa15/cs169/iTinerary/config/initializers/filter_parameter_logging.rb": [
        null,
        null,
        null,
        1
      ],
      "/Users/jlai/fa15/cs169/iTinerary/config/initializers/inflections.rb": [
        null,
        null,
        null,
        null,
        null,
        null,
        null,
        null,
        null,
        null,
        null,
        null,
        null,
        null,
        null,
        null
      ],
      "/Users/jlai/fa15/cs169/iTinerary/config/initializers/mime_types.rb": [
        null,
        null,
        null,
        null
      ],
      "/Users/jlai/fa15/cs169/iTinerary/config/initializers/session_store.rb": [
        null,
        null,
        1
      ],
      "/Users/jlai/fa15/cs169/iTinerary/config/initializers/wrap_parameters.rb": [
        null,
        null,
        null,
        null,
        null,
        null,
        1,
        1,
        null,
        null,
        null,
        null,
        null,
        null
      ],
      "/Users/jlai/fa15/cs169/iTinerary/spec/factories/users.rb": [
        1,
        1,
        1,
        1,
        null,
        null,
        null
      ],
      "/Users/jlai/fa15/cs169/iTinerary/config/routes.rb": [
        1,
        1,
        1,
        1,
        null,
        null,
        null,
        null,
        null,
        null,
        null,
        1,
        null,
        null,
        null,
        null,
        1,
        1,
        null,
        1,
        null,
        1,
        1,
        1,
        1,
        null,
        1,
        1,
        null,
        1,
        null,
        null,
        null,
        null,
        null,
        null,
        null,
        null,
        null,
        null,
        null,
        null,
        null,
        null,
        null,
        null,
        null,
        null,
        null,
        null,
        null,
        null,
        null,
        null,
        null,
        null,
        null,
        null,
        null,
        null,
        null,
        null,
        null,
        null,
        null,
        null,
        null,
        null,
        null,
        null,
        null,
        null,
        null,
        null,
        null,
        null,
        null,
        null
      ],
      "/Users/jlai/fa15/cs169/iTinerary/app/models/user.rb": [
        1,
        null,
        1,
        null,
        null,
        null,
        1,
        null,
        null,
        1,
        1,
        1,
        1,
        1,
        1,
        null,
        null,
        null
      ],
      "/Users/jlai/fa15/cs169/iTinerary/app/helpers/user_trips_helper.rb": [
        1,
        null
      ],
      "/Users/jlai/fa15/cs169/iTinerary/spec/support/controller_macros.rb": [
        1,
        1,
        0,
        0,
        0,
        null,
        null,
        null,
        1,
        4,
        8,
        8,
        8,
        null,
        null,
        null
      ],
      "/Users/jlai/fa15/cs169/iTinerary/app/controllers/attractions_controller.rb": [
        1,
        1,
        4,
        null,
        null,
        4,
        1,
        null,
        null,
        null,
        null,
        1,
        2,
        1,
        null,
        null
      ],
      "/Users/jlai/fa15/cs169/iTinerary/app/controllers/application_controller.rb": [
        1,
        null,
        null,
        1,
        1,
        null,
        1,
        4,
        0,
        4,
        0,
        null,
        4,
        null,
        null,
        null
      ],
      "/Users/jlai/fa15/cs169/iTinerary/spec/controllers/omniauth_callbacks_controller_spec.rb": [
        1,
        null,
        1,
        null,
        1,
        null,
        1,
        5,
        null,
        5,
        5,
        null,
        null,
        1,
        2,
        1,
        1,
        1,
        1,
        null,
        null,
        1,
        4,
        null,
        1,
        1,
        null,
        null,
        1,
        1,
        1,
        null,
        null,
        1,
        1,
        1,
        null,
        null,
        null,
        null,
        null,
        1,
        1,
        1,
        1,
        1,
        2,
        null,
        null,
        null,
        null
      ],
      "/Users/jlai/fa15/cs169/iTinerary/app/controllers/omniauth_callbacks_controller.rb": [
        1,
        1,
        1,
        null,
        1,
        null,
        1,
        null,
        0,
        0,
        null,
        null,
        null,
        1,
        null,
        null,
        null
      ],
      "/Users/jlai/fa15/cs169/iTinerary/spec/controllers/pictures_controller_spec.rb": [
        1,
        null,
        1,
        null,
        null
      ],
      "/Users/jlai/fa15/cs169/iTinerary/app/controllers/pictures_controller.rb": [
        1,
        null
      ],
      "/Users/jlai/fa15/cs169/iTinerary/spec/controllers/trip_attractions_controller_spec.rb": [
        1,
        null,
        1,
        null,
        null
      ],
      "/Users/jlai/fa15/cs169/iTinerary/app/controllers/trip_attractions_controller.rb": [
        1,
        null
      ],
      "/Users/jlai/fa15/cs169/iTinerary/spec/controllers/trips_controller_spec.rb": [
        1,
        null,
        1,
        1,
        1,
        1,
        1,
        1,
        null,
        null,
        1,
        10,
        null,
        1,
        1,
        null,
        1,
        1,
        null,
        null,
        1,
        1,
        1,
        null,
        null,
        1,
        2,
        null,
        1,
        1,
        1,
        1,
        null,
        null,
        null,
        1,
        1,
        1,
        1,
        1,
        null,
        1,
        1,
        1,
        1,
        null,
        null,
        1,
        1,
        1,
        1,
        1,
        null,
        1,
        1,
        null,
        1,
        1,
        null,
        1,
        1,
        1,
        1,
        1,
        1,
        null,
        null,
        1,
        1,
        2,
        null,
        null,
        null,
        1,
        null,
        1,
        1,
        1,
        1,
        null,
        null,
        1,
        1,
        1,
        1,
        1,
        1,
        1,
        1,
        null,
        null,
        null,
        1,
        1,
        1,
        1,
        1,
        null,
        null,
        1,
        1,
        1,
        1,
        null,
        null,
        null,
        1,
        1,
        1,
        1,
        1,
        null,
        1,
        1,
        1,
        1,
        1,
        1,
        null,
        null,
        1,
        1,
        1,
        1,
        null,
        null,
        1,
        1,
        1,
        1,
        1,
        2,
        null,
        null,
        1,
        1,
        1,
        1,
        1,
        1,
        2,
        null,
        null,
        null,
        null
      ],
      "/Users/jlai/fa15/cs169/iTinerary/app/controllers/trips_controller.rb": [
        1,
        null,
        null,
        1,
        null,
        1,
        0,
        null,
        null,
        1,
        0,
        null,
        null,
        1,
        0,
        null,
        null,
        1,
        null,
        null,
        null,
        1,
        2,
        null,
        null,
        1,
        null,
        4,
        4,
        4,
        null,
        null,
        1,
        6,
        6,
        6,
        5,
        3,
        2,
        null,
        3,
        3,
        2,
        2,
        2,
        null,
        null,
        3,
        2,
        2,
        null,
        1,
        null,
        null,
        2,
        1,
        null,
        1,
        null,
        2,
        2,
        null,
        null,
        1,
        1,
        1,
        null,
        null,
        null,
        1,
        4,
        0,
        0,
        null,
        4,
        null,
        null,
        null,
        1,
        4,
        4,
        null,
        4,
        4,
        4,
        0,
        null,
        4,
        4,
        0,
        0,
        0,
        null,
        null,
        4,
        4,
        4,
        4,
        4,
        0,
        0,
        0,
        null,
        4,
        4,
        null,
        4,
        3,
        3,
        0,
        0,
        0,
        null,
        null,
        0,
        null,
        null,
        null,
        3,
        null,
        28,
        13,
        13,
        null,
        null,
        3,
        null,
        null,
        1,
        1,
        null,
        null,
        null,
        1,
        0,
        0,
        null,
        null
      ],
      "/Users/jlai/fa15/cs169/iTinerary/app/models/trip_attraction.rb": [
        1,
        1,
        1,
        null,
        1,
        1,
        1,
        null,
        null
      ],
      "/Users/jlai/fa15/cs169/iTinerary/app/models/attraction.rb": [
        1,
        1,
        1,
        1,
        null,
        null,
        1,
        11,
        11,
        null,
        11,
        9,
        null,
        9,
        9,
        null,
        77,
        null,
        77,
        77,
        77,
        null,
        null,
        null,
        null,
        null,
        null,
        null,
        null,
        null,
        77,
        77,
        77,
        null,
        null,
        null,
        2,
        null,
        9,
        null,
        null,
        null,
        null,
        null,
        null,
        1,
        42,
        null,
        null,
        1,
        59,
        59,
        59,
        22,
        null,
        59,
        23,
        null,
        59,
        null,
        null,
        1,
        null,
        160,
        18,
        null,
        160,
        14,
        4,
        null,
        10,
        null,
        null,
        null,
        146,
        146,
        2,
        2,
        null,
        0,
        null,
        null,
        null,
        144,
        677,
        144,
        null,
        153,
        19,
        null,
        134,
        134,
        134,
        53,
        null,
        null,
        null,
        null,
        72,
        null,
        null,
        null,
        1,
        18,
        18,
        18,
        null,
        null,
        null
      ],
      "/Users/jlai/fa15/cs169/iTinerary/lib/Foursquare.rb": [
        1,
        1,
        null,
        1,
        2,
        2,
        2,
        2,
        null,
        null,
        1,
        8,
        8,
        null,
        null,
        null,
        null
      ],
      "/Users/jlai/fa15/cs169/iTinerary/app/models/user_trip.rb": [
        1,
        1,
        null
      ],
      "/Users/jlai/fa15/cs169/iTinerary/app/models/trip.rb": [
        1,
        1,
        1,
        1,
        1,
        1,
        1,
        1,
        1,
        1,
        1,
        1,
        1,
        1,
        null,
        1,
        13,
        1,
        null,
        null,
        null,
        1,
        4,
        13,
        0,
        0,
        null,
        null,
        4,
        4,
        4,
        4,
        4,
        4,
        4,
        14,
        14,
        11,
        11,
        11,
        11,
        11,
        11,
        3,
        3,
        3,
        3,
        3,
        null,
        11,
        2,
        2,
        2,
        null,
        null,
        4,
        null,
        null,
        1,
        15,
        15,
        15,
        15,
        56,
        56,
        56,
        56,
        56,
        56,
        56,
        19,
        19,
        19,
        null,
        null,
        15,
        12,
        null,
        null,
        null,
        12,
        12,
        null,
        null,
        1,
        56,
        56,
        56,
        null,
        56,
        56,
        56,
        56,
        56,
        null,
        null,
        null,
        1,
        3,
        3,
        3,
        3,
        3,
        3,
        3,
        3,
        3,
        3,
        null,
        null,
        null,
        1,
        60,
        60,
        60,
        60,
        60,
        60,
        60,
        60,
        60,
        60,
        60,
        60,
        60,
        60,
        null,
        null,
        null,
        null,
        null,
        1,
        2,
        null,
        null,
        null,
        null,
        null,
        1,
        59,
        null,
        null
      ],
      "/Users/jlai/fa15/cs169/iTinerary/spec/controllers/users_controller_spec.rb": [
        1,
        1,
        null,
        1,
        1,
        1,
        1,
        1,
        null,
        null,
        1,
        1,
        1,
        1,
        1,
        1,
        1,
        1,
        1,
        1,
        1,
        1,
        null,
        null,
        null
      ],
      "/Users/jlai/fa15/cs169/iTinerary/app/controllers/users_controller.rb": [
        1,
        1,
        null,
        null,
        1,
        null,
        null,
        1,
        1,
        1,
        1,
        3,
        null,
        1,
        null,
        null
      ],
      "/Users/jlai/fa15/cs169/iTinerary/spec/controllers/welcome_controller_spec.rb": [
        1,
        null,
        1,
        null
      ],
      "/Users/jlai/fa15/cs169/iTinerary/app/controllers/welcome_controller.rb": [
        1,
        1,
        1,
        null,
        null
      ],
      "/Users/jlai/fa15/cs169/iTinerary/spec/features/add_trip_to_user_spec.rb": [
        1,
        1,
        null,
        1,
        1,
        1,
        1,
        null,
        1,
        1,
        1,
        null,
        null,
        1,
        1,
        1,
        1,
        1,
        1,
        1,
        null,
        null,
        1,
        1,
        1,
        1,
        1,
        1,
        null,
        null,
        1,
        1,
        1,
        1,
        1,
        1,
        1,
        null,
        1,
        1,
        1,
        1,
        1,
        1,
        null,
        1,
        1,
        null,
        null,
        null,
        null,
        null,
        null,
        null,
        null,
        null,
        null,
        null,
        null,
        null,
        null,
        null,
        null,
        null,
        null,
        null,
        null,
        null,
        null
      ],
      "/Users/jlai/fa15/cs169/iTinerary/spec/models/attraction_spec.rb": [
        1,
        1,
        null,
        null,
        null,
        1,
        1,
        1,
        1,
        null,
        null,
        1,
        null,
        1,
        3,
        3,
        null,
        null,
        1,
        3,
        3,
        null,
        null,
        1,
        1,
        1,
        1,
        1,
        1,
        1,
        null,
        null,
        1,
        1,
        1,
        null,
        null,
        1,
        1,
        1,
        1,
        1,
        null,
        null,
        null,
        null,
        1,
        1,
        1,
        1,
        null,
        1,
        1,
        1,
        null,
        1,
        1,
        1,
        1,
        1,
        1,
        1,
        1,
        1,
        1,
        1,
        1,
        1,
        1,
        1,
        1,
        1,
        null,
        null,
        null,
        null,
        null,
        null,
        1,
        1,
        1,
        1,
        null,
        null,
        1,
        1,
        1,
        1,
        1,
        1,
        1,
        1,
        1,
        null,
        1,
        1,
        1,
        1,
        1,
        1,
        1,
        1,
        1,
        null,
        null,
        1,
        1,
        1,
        1,
        1,
        1,
        1,
        1,
        1,
        null,
        null,
        1,
        null,
        1,
        1,
        1,
        1,
        1,
        1,
        1,
        null,
        null,
        null,
        null,
        null
      ],
      "/Users/jlai/fa15/cs169/iTinerary/spec/models/city_spec.rb": [
        1,
        null,
        1,
        null
      ],
      "/Users/jlai/fa15/cs169/iTinerary/app/models/city.rb": [
        1,
        null
      ],
      "/Users/jlai/fa15/cs169/iTinerary/spec/models/trip_attraction_spec.rb": [
        1,
        null,
        1,
        1,
        1,
        1,
        1,
        null,
        null,
        1,
        1,
        1,
        1,
        1,
        2,
        null,
        null,
        null
      ],
      "/Users/jlai/fa15/cs169/iTinerary/spec/models/trip_spec.rb": [
        1,
        null,
        1,
        null,
        1,
        1,
        1,
        1,
        null,
        1,
        1,
        null,
        null,
        1,
        1,
        null,
        null,
        1,
        1,
        null,
        null,
        1,
        1,
        null,
        null,
        1,
        1,
        null,
        null,
        1,
        1,
        null,
        null,
        1,
        1,
        null,
        null,
        null,
        1,
        1,
        1,
        1,
        1,
        1,
        1,
        5,
        5,
        null,
        1,
        1,
        1,
        1,
        1,
        null,
        null,
        null
      ],
      "/Users/jlai/fa15/cs169/iTinerary/spec/models/welcome_spec.rb": [
        1,
        1,
        null
      ],
      "/Users/jlai/fa15/cs169/iTinerary/app/models/picture.rb": [
        1,
        1,
        null
      ]
    },
    "timestamp": 1449002853
  }
}
